!AIVDM,1,1,,B,13u=gHP3CWPlvs2Q8sHW:5fD0h6a,0*1B
!AIVDM,1,1,,A,13bvpB001f0lPAFQ7HKptoBF00Sa,0*66
!AIVDM,1,1,,A,802R5Ph0GhENJAb8wnREgq>lFR06EuOwgwl?wnSwe7wwwwwwsAwwnSomwvwt,0*75
!AIVDM,1,1,,B,402R3cQuur9F;0o<l<Q0lDi00<5@,0*2C
!AIVDM,1,1,,B,D02R3d@6dNfp00O6D2,4*27
!AIVDM,1,1,,B,802R5Ph0GhEKv1aVNNREQa60h4BvEuFMB7l>76@5=I02lCwwsAwwnSomwvwt,0*56
!AIVDM,1,1,,A,D02R3cQk8Nfr:hO6D<,4*6D
!AIVDM,1,1,,A,13u=gHPrSNPlvrlQ8rp755dH0p7o,0*40
!AIVDM,1,1,,A,802R5Ph0GhE<>iawh6RER91t?PE6EuOwgqwcwnSwe7wwwwwwsAwwnSjVwvwt,0*4B
!AIVDM,1,1,,B,402R3dAuur9F>0n7A:QIf:100H8q,0*02
!AIVDM,1,1,,B,H39JUq4TC=D5PRC41nnji00h6210,0*4C
!AIVDM,1,1,,B,13u=gHPt3bPlvrTQ8rGo2EdL0d0T,0*05
!AIVDM,1,1,,A,B39JUq00>H=En<`BE:`i;wWUoP06,0*7F
!AIVDM,1,1,,B,13v5NH001C0mDF@Q9Bdk32NP0<0n,0*67
!AIVDM,1,1,,B,802R5Ph0GhENJAb8wnREgq>lFR06EuOwgwl?wnSwe7wwwwwwsAwwnSomwvwt,0*76
!AIVDM,1,1,,A,13M40b00010mTvRQ<INVu3:L0@9L,0*2A
!AIVDM,1,1,,A,13u=gHP03TPlvrFQ8qo735dP0d0T,0*78
!AIVDM,1,1,,B,39NSDN54AO0mv4FQ=OjoAn2T06b3,0*56
!AIVDM,1,1,,B,802R5Ph0GhE<>iawh6RER91t?PE6EuOwgqwcwnSwe7wwwwwwsAwwnSjVwvwt,0*48
!AIVDM,1,1,,B,13u=gHP2CNPlvr0Q8qFG:5fT0h;D,0*24
!AIVDM,1,1,,B,33u><=P010PmJs8Q0w744jjT0000,0*47
!AIVDM,1,1,,A,802R5Ph0GhENJAb8wnREgq>lFR06EuOwgwl?wnSwe7wwwwwwsAwwnSomwvwt,0*75
!AIVDM,2,1,8,A,53bvpB02;CK10@lf220<u84j0lThhE0u8622221@:`?<35sC0>l3lUSkp81R,0*3B
!AIVDM,2,2,8,A,C`888888882,2*0D
!AIVDM,1,1,,A,13u=gHP4SmPlvqfQ8pn7@Ef`0d0T,0*37
!AIVDM,1,1,,B,13bvpB001f0lP3lQ7Ga8tWBb0@<Q,0*63
!AIVDM,1,1,,A,402R3cQuur9FE0o<l:Q0lDi0059H,0*5A
!AIVDM,1,1,,B,802R5Ph0GhF;L9`luVREQ8j;iN06EuOwgwl?wnSwe7wwwwwwsAwwnSomwvwt,0*5D
!AIVDM,1,1,,B,13u=gHP1kePlvqNQ8pEW4Udd0d0T,0*00
!AIVDM,1,1,,A,B3uA7DP00H=GhE`B0mr<swcUoP06,0*65
!AIVDM,1,1,,B,B3@oDQh0<p=MPJ`C71Ap;wd5oP06,0*20
!AIVDM,1,1,,B,13M40b00000mTvTQ<INoOS:f059H,0*16
!AIVDM,1,1,,A,402R3dAuur9FH0n7A8QIf9i000S:,0*76
!AIVDM,1,1,,A,13v5NH001C0mDR>Q9BnC6RRj0D0n,0*17
!AIVDM,1,1,,A,13u=gHPqkrPlvq2Q8olo35`h0`>j,0*7D
!AIVDM,1,1,,A,D02R3dAIPNfp00O6D5,4*69
!AIVDM,1,1,,B,802R5Ph0GhF;L9`luVREQ8j;iN06EuOwgwl?wnSwe7wwwwwwsAwwnSomwvwt,0*5D
!AIVDM,1,1,,B,D02R3cQW4Nfp00O6D>,4*0C
!AIVDM,1,1,,A,13u=gHPqkoPlvqDQ8njnwm`p0hA5,0*3C
!AIVDM,1,1,,A,33o<4H0OiP0mv:<Q=PW7@Ufp00si,0*27
!AIVDM,1,1,,A,19NSDN53AO0mv1jQ=Nb7G64t0HA>,0*00
!AIVDM,1,1,,B,13u=gHP43VPlvqDQ8nAnv5`t0U9H,0*55
!AIVDM,1,1,,B,802R5Ph0GhF;L9`luVREQ8j;iN06EuOwgwl?wnSwe7wwwwwwsAwwnSomwvwt,0*5D
!AIVDM,1,1,,A,13bvpB001g0lOn@Q7Fn8t7Bv00SF,0*7D
!AIVDM,2,1,9,A,53u=gHP00001<aUB2210ThuB3OCN1<F22222220j1@73240Ht3h000000000,0*1A
!AIVDM,2,2,9,A,00000000002,2*2F
!AIVDM,1,1,,B,402R3cQuur9FO0o<l:Q0lDi0059H,0*53
!AIVDM,1,1,,B,802R5Ph0GhFSUqbi6fREgwvlFR06EuOwiOl?wnSwe7wwwwwwsAwwnSomwvwt,0*27
!AIVDM,1,1,,A,802R5Ph0GhDs2Qbn?fREQQ1deV06EuOwgwl?wnSwe7wwwwwwsAwwnSomwvwt,0*01
!AIVDM,1,1,,A,13u=gHPq3`PlvqlQ8mPFr5S20`CW,0*16
!AIVDM,1,1,,B,802R5Ph0GhDs2Qbn?fREQQ1deV06EuOwgwl?wnSwe7wwwwwwsAwwnSomwvwt,0*02
!AIVDM,1,1,,B,13v5NH001B0mDf:Q9Bvk:BS60@D4,0*7E
!AIVDM,1,1,,A,13M40b00010mTvVQ<INnfk;20HDR,0*49
!AIVDM,1,1,,B,13u=gHPq3bPlvr8Q8m?nq5U40`Di,0*3D
!AIVDM,1,1,,A,B39dE`P0C`=?Tr`B45T6Kwj5oP06,0*53
!AIVDM,1,1,,B,802R5Ph0GhDs2Qbn?fREQQ1deV06EuOwgwl?wnSwe7wwwwwwsAwwnSomwvwt,0*02
!AIVDM,1,1,,B,13uAC7POi;0n;idQA0@KU9?>2<0`,0*5A
!AIVDM,1,1,,B,19NSDN50AO0muvrQ=MfoNn5>00S`,0*2D
!AIVDM,1,1,,B,33o<4H0OiO0mv9BQ=O`o=Eo:00s1,0*40
!AIVDM,1,1,,A,802R5Ph0GhEUKQaWKvREgput?PC6EuFKB22KwnP00I?wwwwwsAwwnSjerAwt,0*0A
!AIVDM,1,1,,A,802R5Ph0GhDgKqbgmfREQ`qrgF06EuOwdgl?wnSwe7wwwwwwsAwwnSomwvwt,0*71
!AIVDM,1,1,,B,802R5Ph0GhDgKqbgmfREQ`qrgF06EuOwdgl?wnSwe7wwwwwwsAwwnSomwvwt,0*72
!AIVDM,1,1,,A,13u=gHP9CbPlvrVQ8kdo5Eg@0l0W,0*00
!AIVDM,1,1,,B,13bvpB001g0lO`RQ7F3`toCB0D1:,0*60
!AIVDM,1,1,,A,802R5Ph0GhFJ<i`TdVREQ0ir?B06EuOwgqwKwnSwe7wwwwwwsAwwnSomwvwt,0*57
!AIVDM,1,1,,B,802R5Ph0GhFJ<i`TdVREQ0ir?B06EuOwgqwKwnSwe7wwwwwwsAwwnSomwvwt,0*54
!AIVDM,1,1,,A,802R5Ph0GhDs2Qbn?fREQQ1deV06EuOwgwl?wnSwe7wwwwwwsAwwnSomwvwt,0*01
!AIVDM,1,1,,A,33o<4H0OiO0mv8dQ=O?G?EuB0000,0*31
!AIVDM,1,1,,A,402R3cQuur9Fa0o<l8Q0lDi0059H,0*7C
!AIVDM,1,1,,B,D02R3dA=0Nfq6DO6D1,4*09
!AIVDM,1,1,,A,802R5Ph0GhE@@iaQeVREQq1pg606EuOwgqvkwnSwe7wwwwwwsAwwnSomwvwt,0*31
!AIVDM,1,1,,B,802R5Ph0GhE@@iaQeVREQq1pg606EuOwgqvkwnSwe7wwwwwwsAwwnSomwvwt,0*32
!AIVDM,1,1,,A,D02R3cPdlNfq4LO6D:,4*18
!AIVDM,1,1,,B,13u=gHP;kiPlvr8Q8k<7CUoD0U9H,0*09
!AIVDM,2,1,0,A,53v5NH42D6VE<I0n2208U<tr222222222222220l1@B754rdR>ADhsU5Ap4m,0*48
!AIVDM,2,2,0,A,1CUCQlmCQ82,2*38
!AIVDM,1,1,,A,802R5Ph0GhDgKqbgmfREQ`qrgF06EuOwdgl?wnSwe7wwwwwwsAwwnSomwvwt,0*71
!AIVDM,1,1,,B,B39JUq00>8=EtJ8BE?Djkwn5oP06,0*13
!AIVDM,1,1,,B,13M40b00010mTvbQ<INo93;F0L0k,0*45
!AIVDM,1,1,,B,33o<4H0OiP0mv8HQ=O57@F1F013P,0*25
!AIVDM,1,1,,A,402R3dAuur9Fd0n7ABQIf9A00@JN,0*15
!AIVDM,1,1,,A,13v5NH001B0mDtfQ9C7k<BUL059H,0*7D
!AIVDM,1,1,,A,13u=gHP;3OPlvq:Q8jcoE5qH0`J`,0*69
!AIVDM,1,1,,B,802R5Ph0GhD0sQc6=6REgwvlFR06EuOwgwl?wnSwe7wwww3A;AwwnSjLwvwt,0*6D
!AIVDM,1,1,,A,802R5Ph0GhD0sQc6=6REgwvlFR06EuOwgwl?wnSwe7wwww3A;AwwnSjLwvwt,0*6E
!AIVDM,1,1,,B,802R5Ph0GhFJ<i`TdVREQ0ir?B06EuOwgqwKwnSwe7wwwwwwsAwwnSomwvwt,0*54
!AIVDM,1,1,,A,802R5Ph0GhFJ<i`TdVREQ0ir?B06EuOwgqwKwnSwe7wwwwwwsAwwnSomwvwt,0*57
!AIVDM,1,1,,B,13u=KCPP010mBPrQ2aWpm?wJ0L1:,0*66
!AIVDM,1,1,,A,802R5Ph0GhE@@iaQeVREQq1pg606EuOwgqvkwnSwe7wwwwwwsAwwnSomwvwt,0*31
!AIVDM,1,1,,B,802R5Ph0GhE@@iaQeVREQq1pg606EuOwgqvkwnSwe7wwwwwwsAwwnSomwvwt,0*32
!AIVDM,1,1,,A,33u><@0OhdPmJcpQ0wp9@WoL0000,0*6D
!AIVDM,1,1,,B,13u=gHP7SLPlvp<Q8j<7BUsL0l0W,0*25
!AIVDM,1,1,,B,802R5Ph0GhDgKqbgmfREQ`qrgF06EuOwdgl?wnSwe7wwwwwwsAwwnSomwvwt,0*72
!AIVDM,1,1,,A,33o<4H0OiO0mv7@Q=Nd7Fn3N00tA,0*1D
!AIVDM,1,1,,A,B3v3280000=Hds`BrG;7kwpUoP06,0*61
!AIVDM,1,1,,A,19NSDN51iP0musDQ=LUWOV7T00Rg,0*76
!AIVDM,1,1,,B,802R5Ph0GhD0sQc6=6REgwvlFR06EuOwgwl?wnSwe7wwww3A;AwwnSjLwvwt,0*6D
!AIVDM,1,1,,B,802R5Ph0GhFJ<i`TdVREQ0ir?B06EuOwgqwKwnSwe7wwwwwwsAwwnSomwvwt,0*54
!AIVDM,1,1,,A,802R5Ph0GhE@@iaQeVREQq1pg606EuOwgqvkwnSwe7wwwwwwsAwwnSomwvwt,0*31
!AIVDM,1,1,,B,802R5Ph0GhE@@iaQeVREQq1pg606EuOwgqvkwnSwe7wwwwwwsAwwnSomwvwt,0*32
!AIVDM,1,1,,B,13u=gHPoCdPlvnLQ8i<G=5kT0hN2,0*58
!AIVDM,1,1,,B,802R5Ph0GhF8MAb6anREgwvlFR06EuOwiOl?wnSwe7wwwwwwsAwwnSomwvwt,0*64
!AIVDM,1,1,,B,402R3cQuur9Fk0o<l8Q0lDi00<59,0*01
!AIVDM,1,1,,A,13bvpB001g0lOH2Q7E6HtWC`0HO=,0*6A
!AIVDM,1,1,,A,13u=gHPpSdPlvmrQ8hdW<Ui`0l0`,0*5F
!AIVDM,1,1,,A,802R5Ph0GhFJ<i`TdVREQ0ir?B06EuOwgqwKwnSwe7wwwwwwsAwwnSomwvwt,0*57
!AIVDM,1,1,,B,13v5NH001B0mE8PQ9C?3=RSf0@Ol,0*4F
!AIVDM,1,1,,A,802R5Ph0GhE@@iaQeVREQq1pg606EuOwgqvkwnSwe7wwwwwwsAwwnSomwvwt,0*31
!AIVDM,1,1,,B,802R5Ph0GhE@@iaQeVREQq1pg606EuOwgqvkwnSwe7wwwwwwsAwwnSomwvwt,0*32
!AIVDM,1,1,,B,13u=gHP1CQPlvmFQ8h<G<5kd0l0`,0*22
!AIVDM,1,1,,B,402R3dAuur9Fn0n7AFQIf9A008PE,0*71
!AIVDM,1,1,,A,33o<4H001P0mv4VQ=MvWP63d20w0,0*55
!AIVDM,1,1,,A,B3@oDQh0=8=MNq`C6W9qkwsUoP06,0*76
!AIVDM,1,1,,B,13u=KCPP010mBPtQ2aWltgwf08Pl,0*52
!AIVDM,1,1,,A,D02R3d@C<Nfq6DO6D=,4*75
!AIVDM,1,1,,A,13u=gHP5CgPlvl`Q8gd7?Ekh0d0Q,0*55
!AIVDM,1,1,,B,D02R3cPPhNfq6DO6D3,4*28
!AIVDM,1,1,,B,33o<4H0PAP0mv3BQ=MaWS63j0101,0*0A
!AIVDM,1,1,,A,802R5Ph0GhFWMQblfNREgwvlFR06EuOwgqwEwnSwe7wwwwwwsAwwnSomwvwt,0*34
!AIVDM,1,1,,B,19NSDN51AQ0mup@Q=KbWPn7n0<13,0*4D
!AIVDM,1,1,,B,13u=gHPqknPlvl4Q8g;o>Uel0`Rc,0*2F
!AIVDM,1,1,,A,802R5Ph0GhFWA1blmvREgwvlFR06EuOwgr73wnSwe7wwwwwwsAwwnSomwvwt,0*5E
!AIVDM,1,1,,B,802R5Ph0GhDpNQbl@6REwwvlFR06EuOwgqwcwnSwe7wwwwwwsAwwnSomwvwt,0*79
!AIVDM,RUNXe0VDVzIwMjRfTm1FYV9GbGFnfQ==
