Value: ']=\x00' - Response: 200, {"code":102,"error":"Invalid parameter for query: where={\"name\":{\"$regex\":\"]"}...
Value: ']=\x01' - Response: 200, {"code":102,"error":"Invalid parameter for query: where={\"name\":{\"$regex\":\"]"}...
Value: ']=\x02' - Response: 200, {"code":102,"error":"Invalid parameter for query: where={\"name\":{\"$regex\":\"]"}...
Value: ']=\x03' - Response: 200, {"code":102,"error":"Invalid parameter for query: where={\"name\":{\"$regex\":\"]"}...
Value: ']=\x04' - Response: 200, {"code":102,"error":"Invalid parameter for query: where={\"name\":{\"$regex\":\"]"}...
Value: ']=\x05' - Response: 200, {"code":102,"error":"Invalid parameter for query: where={\"name\":{\"$regex\":\"]"}...
Value: ']=\x06' - Response: 200, {"code":102,"error":"Invalid parameter for query: where={\"name\":{\"$regex\":\"]"}...
Value: ']=\x07' - Response: 200, {"code":102,"error":"Invalid parameter for query: where={\"name\":{\"$regex\":\"]"}...
Value: ']=\x08' - Response: 200, {"code":102,"error":"Invalid parameter for query: where={\"name\":{\"$regex\":\"]"}...
Value: ']=\t' - Response: 200, {"code":102,"error":"Invalid parameter for query: where={\"name\":{\"$regex\":\"]"}...
Value: ']=\n' - Response: 200, {"code":102,"error":"Invalid parameter for query: where={\"name\":{\"$regex\":\"]"}...
Value: ']=\x0b' - Response: 200, {"code":102,"error":"Invalid parameter for query: where={\"name\":{\"$regex\":\"]"}...
Value: ']=\x0c' - Response: 200, {"code":102,"error":"Invalid parameter for query: where={\"name\":{\"$regex\":\"]"}...
Value: ']=\r' - Response: 200, {"code":102,"error":"Invalid parameter for query: where={\"name\":{\"$regex\":\"]"}...
Value: ']=\x0e' - Response: 200, {"code":102,"error":"Invalid parameter for query: where={\"name\":{\"$regex\":\"]"}...
Value: ']=\x0f' - Response: 200, {"code":102,"error":"Invalid parameter for query: where={\"name\":{\"$regex\":\"]"}...
Value: ']=\x10' - Response: 200, {"code":102,"error":"Invalid parameter for query: where={\"name\":{\"$regex\":\"]"}...
Value: ']=\x11' - Response: 200, {"code":102,"error":"Invalid parameter for query: where={\"name\":{\"$regex\":\"]"}...
Value: ']=\x12' - Response: 200, {"code":102,"error":"Invalid parameter for query: where={\"name\":{\"$regex\":\"]"}...
Value: ']=\x13' - Response: 200, {"code":102,"error":"Invalid parameter for query: where={\"name\":{\"$regex\":\"]"}...
Value: ']=\x14' - Response: 200, {"code":102,"error":"Invalid parameter for query: where={\"name\":{\"$regex\":\"]"}...
Value: ']=\x15' - Response: 200, {"code":102,"error":"Invalid parameter for query: where={\"name\":{\"$regex\":\"]"}...
Value: ']=\x16' - Response: 200, {"code":102,"error":"Invalid parameter for query: where={\"name\":{\"$regex\":\"]"}...
Value: ']=\x17' - Response: 200, {"code":102,"error":"Invalid parameter for query: where={\"name\":{\"$regex\":\"]"}...
Value: ']=\x18' - Response: 200, {"code":102,"error":"Invalid parameter for query: where={\"name\":{\"$regex\":\"]"}...
Value: ']=\x19' - Response: 200, {"code":102,"error":"Invalid parameter for query: where={\"name\":{\"$regex\":\"]"}...
Value: ']=\x1a' - Response: 200, {"code":102,"error":"Invalid parameter for query: where={\"name\":{\"$regex\":\"]"}...
Value: ']=\x1b' - Response: 200, {"code":102,"error":"Invalid parameter for query: where={\"name\":{\"$regex\":\"]"}...
Value: ']=\x1c' - Response: 200, {"code":102,"error":"Invalid parameter for query: where={\"name\":{\"$regex\":\"]"}...
Value: ']=\x1d' - Response: 200, {"code":102,"error":"Invalid parameter for query: where={\"name\":{\"$regex\":\"]"}...
Value: ']=\x1e' - Response: 200, {"code":102,"error":"Invalid parameter for query: where={\"name\":{\"$regex\":\"]"}...
Value: ']=\x1f' - Response: 200, {"code":102,"error":"Invalid parameter for query: where={\"name\":{\"$regex\":\"]"}...
Value: ']= ' - Response: 200, {"code":102,"error":"Invalid parameter for query: where={\"name\":{\"$regex\":\"]"}...
Value: ']=!' - Response: 200, {"code":102,"error":"Invalid parameter for query: where={\"name\":{\"$regex\":\"]"}...
Value: ']="' - Response: 200, {"code":102,"error":"Invalid parameter for query: where={\"name\":{\"$regex\":\"]"}...
Value: ']=#' - Response: 200, {"code":102,"error":"Invalid parameter for query: where={\"name\":{\"$regex\":\"]"}...
Value: ']=$' - Response: 200, {"code":102,"error":"Invalid parameter for query: where={\"name\":{\"$regex\":\"]"}...
Value: ']=%' - Response: 200, {"code":102,"error":"Invalid parameter for query: where={\"name\":{\"$regex\":\"]"}...
Value: ']=&' - Response: 200, {"code":102,"error":"Invalid parameter for query: where={\"name\":{\"$regex\":\"]"}...
Value: "]='" - Response: 200, {"code":102,"error":"Invalid parameter for query: where={\"name\":{\"$regex\":\"]"}...
Value: ']=(' - Response: 200, {"code":102,"error":"Invalid parameter for query: where={\"name\":{\"$regex\":\"]"}...
Value: ']=)' - Response: 200, {"code":102,"error":"Invalid parameter for query: where={\"name\":{\"$regex\":\"]"}...
Value: ']=*' - Response: 200, {"code":102,"error":"Invalid parameter for query: where={\"name\":{\"$regex\":\"]"}...
Value: ']=+' - Response: 200, {"code":102,"error":"Invalid parameter for query: where={\"name\":{\"$regex\":\"]"}...
Value: ']=,' - Response: 200, {"code":102,"error":"Invalid parameter for query: where={\"name\":{\"$regex\":\"]"}...
Value: ']=-' - Response: 200, {"code":102,"error":"Invalid parameter for query: where={\"name\":{\"$regex\":\"]"}...
Value: ']=.' - Response: 200, {"code":102,"error":"Invalid parameter for query: where={\"name\":{\"$regex\":\"]"}...
Value: ']=/' - Response: 200, {"code":102,"error":"Invalid parameter for query: where={\"name\":{\"$regex\":\"]"}...
Value: ']=0' - Response: 200, {"code":102,"error":"Invalid parameter for query: where={\"name\":{\"$regex\":\"]"}...
Value: ']=1' - Response: 200, {"code":102,"error":"Invalid parameter for query: where={\"name\":{\"$regex\":\"]"}...
Value: ']=2' - Response: 200, {"code":102,"error":"Invalid parameter for query: where={\"name\":{\"$regex\":\"]"}...
Value: ']=3' - Response: 200, {"code":102,"error":"Invalid parameter for query: where={\"name\":{\"$regex\":\"]"}...
Value: ']=4' - Response: 200, {"code":102,"error":"Invalid parameter for query: where={\"name\":{\"$regex\":\"]"}...
Value: ']=5' - Response: 200, {"code":102,"error":"Invalid parameter for query: where={\"name\":{\"$regex\":\"]"}...
Value: ']=6' - Response: 200, {"code":102,"error":"Invalid parameter for query: where={\"name\":{\"$regex\":\"]"}...
Value: ']=7' - Response: 200, {"code":102,"error":"Invalid parameter for query: where={\"name\":{\"$regex\":\"]"}...
Value: ']=8' - Response: 200, {"code":102,"error":"Invalid parameter for query: where={\"name\":{\"$regex\":\"]"}...
Value: ']=9' - Response: 200, {"code":102,"error":"Invalid parameter for query: where={\"name\":{\"$regex\":\"]"}...
Value: ']=:' - Response: 200, {"code":102,"error":"Invalid parameter for query: where={\"name\":{\"$regex\":\"]"}...
Value: ']=;' - Response: 200, {"code":102,"error":"Invalid parameter for query: where={\"name\":{\"$regex\":\"]"}...
Value: ']=<' - Response: 200, {"code":102,"error":"Invalid parameter for query: where={\"name\":{\"$regex\":\"]"}...
Value: ']==' - Response: 200, {"code":102,"error":"Invalid parameter for query: where={\"name\":{\"$regex\":\"]"}...
Value: ']=>' - Response: 200, {"code":102,"error":"Invalid parameter for query: where={\"name\":{\"$regex\":\"]"}...
Value: ']=?' - Response: 200, {"code":102,"error":"Invalid parameter for query: where={\"name\":{\"$regex\":\"]"}...
Value: ']=@' - Response: 200, {"code":102,"error":"Invalid parameter for query: where={\"name\":{\"$regex\":\"]"}...
Value: ']=A' - Response: 200, {"code":102,"error":"Invalid parameter for query: where={\"name\":{\"$regex\":\"]"}...
Value: ']=B' - Response: 200, {"code":102,"error":"Invalid parameter for query: where={\"name\":{\"$regex\":\"]"}...
Value: ']=C' - Response: 200, {"code":102,"error":"Invalid parameter for query: where={\"name\":{\"$regex\":\"]"}...
Value: ']=D' - Response: 200, {"code":102,"error":"Invalid parameter for query: where={\"name\":{\"$regex\":\"]"}...
Value: ']=E' - Response: 200, {"code":102,"error":"Invalid parameter for query: where={\"name\":{\"$regex\":\"]"}...
Value: ']=F' - Response: 200, {"code":102,"error":"Invalid parameter for query: where={\"name\":{\"$regex\":\"]"}...
Value: ']=G' - Response: 200, {"code":102,"error":"Invalid parameter for query: where={\"name\":{\"$regex\":\"]"}...
Value: ']=H' - Response: 200, {"code":102,"error":"Invalid parameter for query: where={\"name\":{\"$regex\":\"]"}...
Value: ']=I' - Response: 200, {"code":102,"error":"Invalid parameter for query: where={\"name\":{\"$regex\":\"]"}...
Value: ']=J' - Response: 200, {"code":102,"error":"Invalid parameter for query: where={\"name\":{\"$regex\":\"]"}...
Value: ']=K' - Response: 200, {"code":102,"error":"Invalid parameter for query: where={\"name\":{\"$regex\":\"]"}...
Value: ']=L' - Response: 200, {"code":102,"error":"Invalid parameter for query: where={\"name\":{\"$regex\":\"]"}...
Value: ']=M' - Response: 200, {"code":102,"error":"Invalid parameter for query: where={\"name\":{\"$regex\":\"]"}...
Value: ']=N' - Response: 200, {"code":102,"error":"Invalid parameter for query: where={\"name\":{\"$regex\":\"]"}...
Value: ']=O' - Response: 200, {"code":102,"error":"Invalid parameter for query: where={\"name\":{\"$regex\":\"]"}...
Value: ']=P' - Response: 200, {"code":102,"error":"Invalid parameter for query: where={\"name\":{\"$regex\":\"]"}...
Value: ']=Q' - Response: 200, {"code":102,"error":"Invalid parameter for query: where={\"name\":{\"$regex\":\"]"}...
Value: ']=R' - Response: 200, {"code":102,"error":"Invalid parameter for query: where={\"name\":{\"$regex\":\"]"}...
Value: ']=S' - Response: 200, {"code":102,"error":"Invalid parameter for query: where={\"name\":{\"$regex\":\"]"}...
Value: ']=T' - Response: 200, {"code":102,"error":"Invalid parameter for query: where={\"name\":{\"$regex\":\"]"}...
Value: ']=U' - Response: 200, {"code":102,"error":"Invalid parameter for query: where={\"name\":{\"$regex\":\"]"}...
Value: ']=V' - Response: 200, {"code":102,"error":"Invalid parameter for query: where={\"name\":{\"$regex\":\"]"}...
Value: ']=W' - Response: 200, {"code":102,"error":"Invalid parameter for query: where={\"name\":{\"$regex\":\"]"}...
Value: ']=X' - Response: 200, {"code":102,"error":"Invalid parameter for query: where={\"name\":{\"$regex\":\"]"}...
Value: ']=Y' - Response: 200, {"code":102,"error":"Invalid parameter for query: where={\"name\":{\"$regex\":\"]"}...
Value: ']=Z' - Response: 200, {"code":102,"error":"Invalid parameter for query: where={\"name\":{\"$regex\":\"]"}...
Value: ']=[' - Response: 200, {"code":102,"error":"Invalid parameter for query: where={\"name\":{\"$regex\":\"]"}...
Value: ']=\\' - Response: 200, {"code":102,"error":"Invalid parameter for query: where={\"name\":{\"$regex\":\"]"}...
Value: ']=]' - Response: 200, {"code":102,"error":"Invalid parameter for query: where={\"name\":{\"$regex\":\"]"}...
Value: ']=^' - Response: 200, {"code":102,"error":"Invalid parameter for query: where={\"name\":{\"$regex\":\"]"}...
Value: ']=_' - Response: 200, {"code":102,"error":"Invalid parameter for query: where={\"name\":{\"$regex\":\"]"}...
Value: ']=`' - Response: 200, {"code":102,"error":"Invalid parameter for query: where={\"name\":{\"$regex\":\"]"}...
Value: ']=a' - Response: 200, {"code":102,"error":"Invalid parameter for query: where={\"name\":{\"$regex\":\"]"}...
Value: ']=b' - Response: 200, {"code":102,"error":"Invalid parameter for query: where={\"name\":{\"$regex\":\"]"}...
Value: ']=c' - Response: 200, {"code":102,"error":"Invalid parameter for query: where={\"name\":{\"$regex\":\"]"}...
Value: ']=d' - Response: 200, {"code":102,"error":"Invalid parameter for query: where={\"name\":{\"$regex\":\"]"}...
Value: ']=e' - Response: 200, {"code":102,"error":"Invalid parameter for query: where={\"name\":{\"$regex\":\"]"}...
Value: ']=f' - Response: 200, {"code":102,"error":"Invalid parameter for query: where={\"name\":{\"$regex\":\"]"}...
Value: ']=g' - Response: 200, {"code":102,"error":"Invalid parameter for query: where={\"name\":{\"$regex\":\"]"}...
Value: ']=h' - Response: 200, {"code":102,"error":"Invalid parameter for query: where={\"name\":{\"$regex\":\"]"}...
Value: ']=i' - Response: 200, {"code":102,"error":"Invalid parameter for query: where={\"name\":{\"$regex\":\"]"}...
Value: ']=j' - Response: 200, {"code":102,"error":"Invalid parameter for query: where={\"name\":{\"$regex\":\"]"}...
Value: ']=k' - Response: 200, {"code":102,"error":"Invalid parameter for query: where={\"name\":{\"$regex\":\"]"}...
Value: ']=l' - Response: 200, {"code":102,"error":"Invalid parameter for query: where={\"name\":{\"$regex\":\"]"}...
Value: ']=m' - Response: 200, {"code":102,"error":"Invalid parameter for query: where={\"name\":{\"$regex\":\"]"}...
Value: ']=n' - Response: 200, {"code":102,"error":"Invalid parameter for query: where={\"name\":{\"$regex\":\"]"}...
Value: ']=o' - Response: 200, {"code":102,"error":"Invalid parameter for query: where={\"name\":{\"$regex\":\"]"}...
Value: ']=p' - Response: 200, {"code":102,"error":"Invalid parameter for query: where={\"name\":{\"$regex\":\"]"}...
Value: ']=q' - Response: 200, {"code":102,"error":"Invalid parameter for query: where={\"name\":{\"$regex\":\"]"}...
Value: ']=r' - Response: 200, {"code":102,"error":"Invalid parameter for query: where={\"name\":{\"$regex\":\"]"}...
Value: ']=s' - Response: 200, {"code":102,"error":"Invalid parameter for query: where={\"name\":{\"$regex\":\"]"}...
Value: ']=t' - Response: 200, {"code":102,"error":"Invalid parameter for query: where={\"name\":{\"$regex\":\"]"}...
Value: ']=u' - Response: 200, {"code":102,"error":"Invalid parameter for query: where={\"name\":{\"$regex\":\"]"}...
Value: ']=v' - Response: 200, {"code":102,"error":"Invalid parameter for query: where={\"name\":{\"$regex\":\"]"}...
Value: ']=w' - Response: 200, {"code":102,"error":"Invalid parameter for query: where={\"name\":{\"$regex\":\"]"}...
Value: ']=x' - Response: 200, {"code":102,"error":"Invalid parameter for query: where={\"name\":{\"$regex\":\"]"}...
Value: ']=y' - Response: 200, {"code":102,"error":"Invalid parameter for query: where={\"name\":{\"$regex\":\"]"}...
Value: ']=z' - Response: 200, {"code":102,"error":"Invalid parameter for query: where={\"name\":{\"$regex\":\"]"}...
Value: ']={' - Response: 200, {"code":102,"error":"Invalid parameter for query: where={\"name\":{\"$regex\":\"]"}...
Value: ']=|' - Response: 200, {"code":102,"error":"Invalid parameter for query: where={\"name\":{\"$regex\":\"]"}...
Value: ']=}' - Response: 200, {"code":102,"error":"Invalid parameter for query: where={\"name\":{\"$regex\":\"]"}...
Value: ']=~' - Response: 200, {"code":102,"error":"Invalid parameter for query: where={\"name\":{\"$regex\":\"]"}...
Value: ']=\x7f' - Response: 200, {"code":102,"error":"Invalid parameter for query: where={\"name\":{\"$regex\":\"]"}...
Value: ']=\x80' - Response: 200, {"code":102,"error":"Invalid parameter for query: where={\"name\":{\"$regex\":\"]"}...
Value: ']=\x81' - Response: 200, {"code":102,"error":"Invalid parameter for query: where={\"name\":{\"$regex\":\"]"}...
Value: ']=\x82' - Response: 200, {"code":102,"error":"Invalid parameter for query: where={\"name\":{\"$regex\":\"]"}...
Value: ']=\x83' - Response: 200, {"code":102,"error":"Invalid parameter for query: where={\"name\":{\"$regex\":\"]"}...
Value: ']=\x84' - Response: 200, {"code":102,"error":"Invalid parameter for query: where={\"name\":{\"$regex\":\"]"}...
Value: ']=\x85' - Response: 200, {"code":102,"error":"Invalid parameter for query: where={\"name\":{\"$regex\":\"]"}...
Value: ']=\x86' - Response: 200, {"code":102,"error":"Invalid parameter for query: where={\"name\":{\"$regex\":\"]"}...
Value: ']=\x87' - Response: 200, {"code":102,"error":"Invalid parameter for query: where={\"name\":{\"$regex\":\"]"}...
Value: ']=\x88' - Response: 200, {"code":102,"error":"Invalid parameter for query: where={\"name\":{\"$regex\":\"]"}...
Value: ']=\x89' - Response: 200, {"code":102,"error":"Invalid parameter for query: where={\"name\":{\"$regex\":\"]"}...
Value: ']=\x8a' - Response: 200, {"code":102,"error":"Invalid parameter for query: where={\"name\":{\"$regex\":\"]"}...
Value: ']=\x8b' - Response: 200, {"code":102,"error":"Invalid parameter for query: where={\"name\":{\"$regex\":\"]"}...
Value: ']=\x8c' - Response: 200, {"code":102,"error":"Invalid parameter for query: where={\"name\":{\"$regex\":\"]"}...
Value: ']=\x8d' - Response: 200, {"code":102,"error":"Invalid parameter for query: where={\"name\":{\"$regex\":\"]"}...
Value: ']=\x8e' - Response: 200, {"code":102,"error":"Invalid parameter for query: where={\"name\":{\"$regex\":\"]"}...
Value: ']=\x8f' - Response: 200, {"code":102,"error":"Invalid parameter for query: where={\"name\":{\"$regex\":\"]"}...
Value: ']=\x90' - Response: 200, {"code":102,"error":"Invalid parameter for query: where={\"name\":{\"$regex\":\"]"}...
Value: ']=\x91' - Response: 200, {"code":102,"error":"Invalid parameter for query: where={\"name\":{\"$regex\":\"]"}...
Value: ']=\x92' - Response: 200, {"code":102,"error":"Invalid parameter for query: where={\"name\":{\"$regex\":\"]"}...
Value: ']=\x93' - Response: 200, {"code":102,"error":"Invalid parameter for query: where={\"name\":{\"$regex\":\"]"}...
Value: ']=\x94' - Response: 200, {"code":102,"error":"Invalid parameter for query: where={\"name\":{\"$regex\":\"]"}...
Value: ']=\x95' - Response: 200, {"code":102,"error":"Invalid parameter for query: where={\"name\":{\"$regex\":\"]"}...
Value: ']=\x96' - Response: 200, {"code":102,"error":"Invalid parameter for query: where={\"name\":{\"$regex\":\"]"}...
Value: ']=\x97' - Response: 200, {"code":102,"error":"Invalid parameter for query: where={\"name\":{\"$regex\":\"]"}...
Value: ']=\x98' - Response: 200, {"code":102,"error":"Invalid parameter for query: where={\"name\":{\"$regex\":\"]"}...
Value: ']=\x99' - Response: 200, {"code":102,"error":"Invalid parameter for query: where={\"name\":{\"$regex\":\"]"}...
Value: ']=\x9a' - Response: 200, {"code":102,"error":"Invalid parameter for query: where={\"name\":{\"$regex\":\"]"}...
Value: ']=\x9b' - Response: 200, {"code":102,"error":"Invalid parameter for query: where={\"name\":{\"$regex\":\"]"}...
Value: ']=\x9c' - Response: 200, {"code":102,"error":"Invalid parameter for query: where={\"name\":{\"$regex\":\"]"}...
Value: ']=\x9d' - Response: 200, {"code":102,"error":"Invalid parameter for query: where={\"name\":{\"$regex\":\"]"}...
Value: ']=\x9e' - Response: 200, {"code":102,"error":"Invalid parameter for query: where={\"name\":{\"$regex\":\"]"}...
Value: ']=\x9f' - Response: 200, {"code":102,"error":"Invalid parameter for query: where={\"name\":{\"$regex\":\"]"}...
Value: ']=\xa0' - Response: 200, {"code":102,"error":"Invalid parameter for query: where={\"name\":{\"$regex\":\"]"}...
Value: ']=¡' - Response: 200, {"code":102,"error":"Invalid parameter for query: where={\"name\":{\"$regex\":\"]"}...
Value: ']=¢' - Response: 200, {"code":102,"error":"Invalid parameter for query: where={\"name\":{\"$regex\":\"]"}...
Value: ']=£' - Response: 200, {"code":102,"error":"Invalid parameter for query: where={\"name\":{\"$regex\":\"]"}...
Value: ']=¤' - Response: 200, {"code":102,"error":"Invalid parameter for query: where={\"name\":{\"$regex\":\"]"}...
Value: ']=¥' - Response: 200, {"code":102,"error":"Invalid parameter for query: where={\"name\":{\"$regex\":\"]"}...
Value: ']=¦' - Response: 200, {"code":102,"error":"Invalid parameter for query: where={\"name\":{\"$regex\":\"]"}...
Value: ']=§' - Response: 200, {"code":102,"error":"Invalid parameter for query: where={\"name\":{\"$regex\":\"]"}...
Value: ']=¨' - Response: 200, {"code":102,"error":"Invalid parameter for query: where={\"name\":{\"$regex\":\"]"}...
Value: ']=©' - Response: 200, {"code":102,"error":"Invalid parameter for query: where={\"name\":{\"$regex\":\"]"}...
Value: ']=ª' - Response: 200, {"code":102,"error":"Invalid parameter for query: where={\"name\":{\"$regex\":\"]"}...
Value: ']=«' - Response: 200, {"code":102,"error":"Invalid parameter for query: where={\"name\":{\"$regex\":\"]"}...
Value: ']=¬' - Response: 200, {"code":102,"error":"Invalid parameter for query: where={\"name\":{\"$regex\":\"]"}...
Value: ']=\xad' - Response: 200, {"code":102,"error":"Invalid parameter for query: where={\"name\":{\"$regex\":\"]"}...
Value: ']=®' - Response: 200, {"code":102,"error":"Invalid parameter for query: where={\"name\":{\"$regex\":\"]"}...
Value: ']=¯' - Response: 200, {"code":102,"error":"Invalid parameter for query: where={\"name\":{\"$regex\":\"]"}...
Value: ']=°' - Response: 200, {"code":102,"error":"Invalid parameter for query: where={\"name\":{\"$regex\":\"]"}...
Value: ']=±' - Response: 200, {"code":102,"error":"Invalid parameter for query: where={\"name\":{\"$regex\":\"]"}...
Value: ']=²' - Response: 200, {"code":102,"error":"Invalid parameter for query: where={\"name\":{\"$regex\":\"]"}...
Value: ']=³' - Response: 200, {"code":102,"error":"Invalid parameter for query: where={\"name\":{\"$regex\":\"]"}...
Value: ']=´' - Response: 200, {"code":102,"error":"Invalid parameter for query: where={\"name\":{\"$regex\":\"]"}...
Value: ']=µ' - Response: 200, {"code":102,"error":"Invalid parameter for query: where={\"name\":{\"$regex\":\"]"}...
Value: ']=¶' - Response: 200, {"code":102,"error":"Invalid parameter for query: where={\"name\":{\"$regex\":\"]"}...
Value: ']=·' - Response: 200, {"code":102,"error":"Invalid parameter for query: where={\"name\":{\"$regex\":\"]"}...
Value: ']=¸' - Response: 200, {"code":102,"error":"Invalid parameter for query: where={\"name\":{\"$regex\":\"]"}...
Value: ']=¹' - Response: 200, {"code":102,"error":"Invalid parameter for query: where={\"name\":{\"$regex\":\"]"}...
Value: ']=º' - Response: 200, {"code":102,"error":"Invalid parameter for query: where={\"name\":{\"$regex\":\"]"}...
Value: ']=»' - Response: 200, {"code":102,"error":"Invalid parameter for query: where={\"name\":{\"$regex\":\"]"}...
Value: ']=¼' - Response: 200, {"code":102,"error":"Invalid parameter for query: where={\"name\":{\"$regex\":\"]"}...
Value: ']=½' - Response: 200, {"code":102,"error":"Invalid parameter for query: where={\"name\":{\"$regex\":\"]"}...
Value: ']=¾' - Response: 200, {"code":102,"error":"Invalid parameter for query: where={\"name\":{\"$regex\":\"]"}...
Value: ']=¿' - Response: 200, {"code":102,"error":"Invalid parameter for query: where={\"name\":{\"$regex\":\"]"}...
Value: ']=À' - Response: 200, {"code":102,"error":"Invalid parameter for query: where={\"name\":{\"$regex\":\"]"}...
Value: ']=Á' - Response: 200, {"code":102,"error":"Invalid parameter for query: where={\"name\":{\"$regex\":\"]"}...
Value: ']=Â' - Response: 200, {"code":102,"error":"Invalid parameter for query: where={\"name\":{\"$regex\":\"]"}...
Value: ']=Ã' - Response: 200, {"code":102,"error":"Invalid parameter for query: where={\"name\":{\"$regex\":\"]"}...
Value: ']=Ä' - Response: 200, {"code":102,"error":"Invalid parameter for query: where={\"name\":{\"$regex\":\"]"}...
Value: ']=Å' - Response: 200, {"code":102,"error":"Invalid parameter for query: where={\"name\":{\"$regex\":\"]"}...
Value: ']=Æ' - Response: 200, {"code":102,"error":"Invalid parameter for query: where={\"name\":{\"$regex\":\"]"}...
Value: ']=Ç' - Response: 200, {"code":102,"error":"Invalid parameter for query: where={\"name\":{\"$regex\":\"]"}...
Value: ']=È' - Response: 200, {"code":102,"error":"Invalid parameter for query: where={\"name\":{\"$regex\":\"]"}...
Value: ']=É' - Response: 200, {"code":102,"error":"Invalid parameter for query: where={\"name\":{\"$regex\":\"]"}...
Value: ']=Ê' - Response: 200, {"code":102,"error":"Invalid parameter for query: where={\"name\":{\"$regex\":\"]"}...
Value: ']=Ë' - Response: 200, {"code":102,"error":"Invalid parameter for query: where={\"name\":{\"$regex\":\"]"}...
Value: ']=Ì' - Response: 200, {"code":102,"error":"Invalid parameter for query: where={\"name\":{\"$regex\":\"]"}...
Value: ']=Í' - Response: 200, {"code":102,"error":"Invalid parameter for query: where={\"name\":{\"$regex\":\"]"}...
Value: ']=Î' - Response: 200, {"code":102,"error":"Invalid parameter for query: where={\"name\":{\"$regex\":\"]"}...
Value: ']=Ï' - Response: 200, {"code":102,"error":"Invalid parameter for query: where={\"name\":{\"$regex\":\"]"}...
Value: ']=Ð' - Response: 200, {"code":102,"error":"Invalid parameter for query: where={\"name\":{\"$regex\":\"]"}...
Value: ']=Ñ' - Response: 200, {"code":102,"error":"Invalid parameter for query: where={\"name\":{\"$regex\":\"]"}...
Value: ']=Ò' - Response: 200, {"code":102,"error":"Invalid parameter for query: where={\"name\":{\"$regex\":\"]"}...
Value: ']=Ó' - Response: 200, {"code":102,"error":"Invalid parameter for query: where={\"name\":{\"$regex\":\"]"}...
Value: ']=Ô' - Response: 200, {"code":102,"error":"Invalid parameter for query: where={\"name\":{\"$regex\":\"]"}...
Value: ']=Õ' - Response: 200, {"code":102,"error":"Invalid parameter for query: where={\"name\":{\"$regex\":\"]"}...
Value: ']=Ö' - Response: 200, {"code":102,"error":"Invalid parameter for query: where={\"name\":{\"$regex\":\"]"}...
Value: ']=×' - Response: 200, {"code":102,"error":"Invalid parameter for query: where={\"name\":{\"$regex\":\"]"}...
Value: ']=Ø' - Response: 200, {"code":102,"error":"Invalid parameter for query: where={\"name\":{\"$regex\":\"]"}...
Value: ']=Ù' - Response: 200, {"code":102,"error":"Invalid parameter for query: where={\"name\":{\"$regex\":\"]"}...
Value: ']=Ú' - Response: 200, {"code":102,"error":"Invalid parameter for query: where={\"name\":{\"$regex\":\"]"}...
Value: ']=Û' - Response: 200, {"code":102,"error":"Invalid parameter for query: where={\"name\":{\"$regex\":\"]"}...
Value: ']=Ü' - Response: 200, {"code":102,"error":"Invalid parameter for query: where={\"name\":{\"$regex\":\"]"}...
Value: ']=Ý' - Response: 200, {"code":102,"error":"Invalid parameter for query: where={\"name\":{\"$regex\":\"]"}...
Value: ']=Þ' - Response: 200, {"code":102,"error":"Invalid parameter for query: where={\"name\":{\"$regex\":\"]"}...
Value: ']=ß' - Response: 200, {"code":102,"error":"Invalid parameter for query: where={\"name\":{\"$regex\":\"]"}...
Value: ']=à' - Response: 200, {"code":102,"error":"Invalid parameter for query: where={\"name\":{\"$regex\":\"]"}...
Value: ']=á' - Response: 200, {"code":102,"error":"Invalid parameter for query: where={\"name\":{\"$regex\":\"]"}...
Value: ']=â' - Response: 200, {"code":102,"error":"Invalid parameter for query: where={\"name\":{\"$regex\":\"]"}...
Value: ']=ã' - Response: 200, {"code":102,"error":"Invalid parameter for query: where={\"name\":{\"$regex\":\"]"}...
Value: ']=ä' - Response: 200, {"code":102,"error":"Invalid parameter for query: where={\"name\":{\"$regex\":\"]"}...
Value: ']=å' - Response: 200, {"code":102,"error":"Invalid parameter for query: where={\"name\":{\"$regex\":\"]"}...
Value: ']=æ' - Response: 200, {"code":102,"error":"Invalid parameter for query: where={\"name\":{\"$regex\":\"]"}...
Value: ']=ç' - Response: 200, {"code":102,"error":"Invalid parameter for query: where={\"name\":{\"$regex\":\"]"}...
Value: ']=è' - Response: 200, {"code":102,"error":"Invalid parameter for query: where={\"name\":{\"$regex\":\"]"}...
Value: ']=é' - Response: 200, {"code":102,"error":"Invalid parameter for query: where={\"name\":{\"$regex\":\"]"}...
Value: ']=ê' - Response: 200, {"code":102,"error":"Invalid parameter for query: where={\"name\":{\"$regex\":\"]"}...
Value: ']=ë' - Response: 200, {"code":102,"error":"Invalid parameter for query: where={\"name\":{\"$regex\":\"]"}...
Value: ']=ì' - Response: 200, {"code":102,"error":"Invalid parameter for query: where={\"name\":{\"$regex\":\"]"}...
Value: ']=í' - Response: 200, {"code":102,"error":"Invalid parameter for query: where={\"name\":{\"$regex\":\"]"}...
Value: ']=î' - Response: 200, {"code":102,"error":"Invalid parameter for query: where={\"name\":{\"$regex\":\"]"}...
Value: ']=ï' - Response: 200, {"code":102,"error":"Invalid parameter for query: where={\"name\":{\"$regex\":\"]"}...
Value: ']=ð' - Response: 200, {"code":102,"error":"Invalid parameter for query: where={\"name\":{\"$regex\":\"]"}...
Value: ']=ñ' - Response: 200, {"code":102,"error":"Invalid parameter for query: where={\"name\":{\"$regex\":\"]"}...
Value: ']=ò' - Response: 200, {"code":102,"error":"Invalid parameter for query: where={\"name\":{\"$regex\":\"]"}...
Value: ']=ó' - Response: 200, {"code":102,"error":"Invalid parameter for query: where={\"name\":{\"$regex\":\"]"}...
Value: ']=ô' - Response: 200, {"code":102,"error":"Invalid parameter for query: where={\"name\":{\"$regex\":\"]"}...
Value: ']=õ' - Response: 200, {"code":102,"error":"Invalid parameter for query: where={\"name\":{\"$regex\":\"]"}...
Value: ']=ö' - Response: 200, {"code":102,"error":"Invalid parameter for query: where={\"name\":{\"$regex\":\"]"}...
Value: ']=÷' - Response: 200, {"code":102,"error":"Invalid parameter for query: where={\"name\":{\"$regex\":\"]"}...
Value: ']=ø' - Response: 200, {"code":102,"error":"Invalid parameter for query: where={\"name\":{\"$regex\":\"]"}...
Value: ']=ù' - Response: 200, {"code":102,"error":"Invalid parameter for query: where={\"name\":{\"$regex\":\"]"}...
Value: ']=ú' - Response: 200, {"code":102,"error":"Invalid parameter for query: where={\"name\":{\"$regex\":\"]"}...
Value: ']=û' - Response: 200, {"code":102,"error":"Invalid parameter for query: where={\"name\":{\"$regex\":\"]"}...
Value: ']=ü' - Response: 200, {"code":102,"error":"Invalid parameter for query: where={\"name\":{\"$regex\":\"]"}...
Value: ']=ý' - Response: 200, {"code":102,"error":"Invalid parameter for query: where={\"name\":{\"$regex\":\"]"}...
Value: ']=þ' - Response: 200, {"code":102,"error":"Invalid parameter for query: where={\"name\":{\"$regex\":\"]"}...
Value: ']=ÿ' - Response: 200, {"code":102,"error":"Invalid parameter for query: where={\"name\":{\"$regex\":\"]"}...
